Start testing: Jul 27 12:28 Pacific Daylight Time
----------------------------------------------------------
1/1 Testing: occupancy_grid_tests
1/1 Test: occupancy_grid_tests
Command: "C:/Users/venom/source/Occupancy-Grid-Compression/build-debug/tests/occupancy_grid_tests.exe"
Directory: C:/Users/venom/source/Occupancy-Grid-Compression/build-debug/tests
"occupancy_grid_tests" start time: Jul 27 12:28 Pacific Daylight Time
Output:
----------------------------------------------------------
[PASS] createGrid: rows
[PASS] createGrid: cols
[PASS] createGrid: data size is rows*cols
[PASS] createGrid: data is zero-initialized
[PASS] rleEncode: run count for {1,1,1,0,0,2,2,2,2}
[PASS] rleEncode/rleDecode: round trip preserves data
[PASS] rleEncode: single run collapses to one run {value=5,count=4}
[PASS] rleEncode: empty input produces empty values/counts
[PASS] rleDecode: empty input produces empty output
[PASS] rleDecode: mismatched values/counts lengths reject rather than misdecode
[PASS] BitWriter/BitReader: round trip at 2-bit width
[PASS] BitWriter: 9 bits flush to 2 bytes (padded)
[PASS] BitWriter/BitReader: round trip on non-byte-aligned bit width
[PASS] BitReader: first 2-bit read succeeds within one byte
[PASS] BitReader: second 2-bit read succeeds within one byte
[PASS] BitReader: third 2-bit read succeeds within one byte
[PASS] BitReader: fourth 2-bit read succeeds within one byte (8 bits exactly used)
[PASS] BitReader: fifth 2-bit read fails -- stream exhausted, rejected not guessed
[PASS] varint: round trip on 0, small, multi-byte, and max uint32 values
[PASS] varint::decode: truncated multi-byte stream is rejected
[PASS] varint::decode: excess continuation bytes are rejected
[PASS] FixedWidthCoder: round trip at 2-bit width
[PASS] FixedWidthCoder::encode: rejects a value that doesn't fit bitWidth
[PASS] FixedWidthCoder::decode: asking for more values than the data holds is rejected
[PASS] VarintCoder: round trip on a realistic counts sequence incl. 0 and uint16_t max
[PASS] VarintCoder::decode: a value overflowing uint16_t is rejected
[PASS] countscoder::encode: CoderType::Varint dispatches to varintcoder
[PASS] countscoder::decode: CoderType::Varint round trips
[PASS] countscoder::encode: CoderType::Rice dispatches to rice with the given k
[PASS] countscoder::decode: CoderType::Rice round trips
[PASS] countscoder::chooseBest: never picks something worse than Varint
[PASS] countscoder::chooseBest: picks Rice for small/repetitive counts
[PASS] countscoder::chooseBest: the chosen coder's own output round trips via countscoder::decode
[PASS] rlecodec: auto-select is never larger than forcing Varint
[PASS] rlecodec: auto-select embeds Rice as the winning CoderType for this payload
[PASS] rlecodec: auto-selected blob round trips correctly
[PASS] rlecodec::decode: an unrecognized CoderType byte is rejected
[PASS] rlecodec: encode/decode round trip preserves values and counts
[PASS] rlecodec: full round trip through RLE reproduces original data
[PASS] rlecodec::encode: rejects mismatched values/counts lengths
[PASS] rlecodec::encode: rejects a value that doesn't fit valueBitWidth
[PASS] rlecodec::decode: truncated blob is rejected
[PASS] full pipeline: empty grid round trips through RLE+coders to an empty grid
[PASS] full pipeline: uniform grid collapses to a single run
[PASS] full pipeline: single-run grid round trips correctly
[PASS] full pipeline: checkerboard forces maximum run count (one run per cell)
[PASS] full pipeline: worst-case checkerboard grid round trips correctly
[PASS] packetizer::fragment: data smaller than MAX_PAYLOAD_SIZE produces a single fragment
[PASS] packetizer::fragment: empty data still produces one empty-payload fragment (exists but empty)
[PASS] packetizer::fragment: 500 bytes splits into ceil(500/MAX_PAYLOAD_SIZE) fragments
[PASS] packetizer::fragment: fragmentIndex is sequential and totalFragments is consistent across all fragments
[PASS] packetizer::fragment: concatenating fragment payloads in order reproduces the original data
[PASS] packetizer: serialize/deserialize round trip preserves every header field and the payload
[PASS] packetizer::deserialize: truncated packet is rejected
[PASS] packetizer::deserialize: a corrupted payload byte fails CRC and is rejected
[PASS] packetizer::deserialize: payloadLength inconsistent with actual data length is rejected even with a matching CRC
[PASS] LoopbackTransport::receive: returns false when nothing has been sent
[PASS] LoopbackTransport::send: accepts the first packet
[PASS] LoopbackTransport::send: accepts the second packet
[PASS] LoopbackTransport::pending: reports 2 queued packets
[PASS] LoopbackTransport: receive() returns packets in the same FIFO order they were sent
[PASS] LoopbackTransport::receive: returns false once the queue is drained
[PASS] LoopbackTransport + packetizer: fragment/serialize/send/receive/deserialize round trips data
[PASS] PacketReassembler: unknown (messageId, streamId) is not complete
[PASS] PacketReassembler::receive: accepts a valid single fragment
[PASS] PacketReassembler: complete after its one fragment arrives
[PASS] PacketReassembler::tryGetCompleteStream: reassembles a single-fragment stream correctly
[PASS] test setup: 500 bytes produces at least 3 fragments to exercise reordering
[PASS] PacketReassembler: complete once all fragments have arrived, regardless of order
[PASS] PacketReassembler: reassembles byte-exact data even when fragments arrived out of order
[PASS] test setup: needs at least 2 fragments
[PASS] PacketReassembler: not complete with fragments missing
[PASS] PacketReassembler::tryGetCompleteStream: fails while incomplete
[PASS] PacketReassembler::receive: accepts the fragment the first time
[PASS] PacketReassembler::receive: accepts the same fragment again (idempotent, not an error)
[PASS] PacketReassembler: a duplicated fragment doesn't prevent completion
[PASS] PacketReassembler: duplicate delivery doesn't corrupt the reassembled data
[PASS] PacketReassembler::receive: accepts the first fragment establishing totalFragments=2
[PASS] PacketReassembler::receive: rejects a later fragment disagreeing on totalFragments
[PASS] PacketReassembler::receive: rejects a fragmentIndex >= totalFragments
[PASS] test setup: needs at least 3 fragments
[PASS] PacketReassembler::missingFragments: reports exactly the not-yet-received indices
[PASS] PacketReassembler: (messageId, streamId=0) completing doesn't mark streamId=1 complete
[PASS] PacketReassembler: values and counts streams under the same messageId stay independent by streamId
[PASS] splitcodec::encode: produces non-empty values and counts streams
[PASS] splitcodec: decode recovers the original values and counts
[PASS] splitcodec: full round trip through RLE reproduces original data
[PASS] splitcodec::encode (explicit): forcing Varint embeds CoderType::Varint in countsBytes
[PASS] splitcodec::encode (explicit): forcing Rice embeds CoderType::Rice in countsBytes
[PASS] splitcodec::encode (explicit): forcing Rice embeds the requested riceParam in countsBytes
[PASS] splitcodec: forced-Varint streams round trip correctly
[PASS] splitcodec: forced-Rice streams round trip correctly
[PASS] splitcodec::encode: rejects mismatched values/counts lengths
[PASS] splitcodec::decode: rejects when the values stream's length disagrees with the counts stream's N
[PASS] LossyTransport: dropProbability=0 drops nothing
[PASS] LossyTransport: dropProbability=0 delivers every packet to the queue
[PASS] LossyTransport: dropProbability=1 drops everything
[PASS] LossyTransport: dropProbability=1 leaves the queue empty
[PASS] LossyTransport: every sent packet is accounted for as either delivered or dropped
[PASS] arq::drainInto: a reliable transport delivers a complete stream in one drain
[PASS] arq::sendWithRetry: eventually succeeds over a lossy transport given enough retries
[PASS] arq::sendWithRetry: actually needed at least one retry round given 30% loss
[PASS] arq::sendWithRetry: the eventually-reassembled data matches the original exactly
[PASS] arq::sendWithRetry: reports failure when the transport drops everything past the retry limit
[PASS] arq::sendWithRetry: stops after 1 initial round + 3 retries, doesn't loop forever
[PASS] toSymbolStream/fromSymbolStream: round trip preserves cell values
[PASS] toSymbolStream: tags output as StreamFormat::Raw
[PASS] toSymbolStream: empty grid produces an empty SymbolStream
[PASS] fromSymbolStream: empty SymbolStream rebuilds to an empty grid
[PASS] SymbolStream::operator==: identical format and symbols compare equal
[PASS] SymbolStream::operator==: differing symbols compare unequal
[PASS] SymbolStream::operator==: differing format compares unequal
[PASS] splitGrid/rebuildTiledGrid: round trip on non-multiple-of-tileSize grid
[PASS] splitGrid: tile count for 23x17 grid with tileSize=10
[PASS] splitGrid: first tile is a full 10x10 tile at the origin
[PASS] splitGrid: last tile is clipped to the grid's ragged edge (3x7)
[PASS] splitGrid: 20x20 grid with tileSize=10 produces exactly 4 tiles
[PASS] splitGrid: all tiles are full 10x10 when the grid divides evenly
[PASS] updateTiles: only the patched region changes
[PASS] updateTiles: multiple changed tiles each apply to their own region independently
[PASS] updateTiles: empty changedTiles leaves grid unchanged
[PASS] rebuildGrid: rows
[PASS] rebuildGrid: cols
[PASS] rebuildGrid: data matches input flat vector
[PASS] compressionRatio: setup sanity - three runs for {1,1,1,2,2,3,3}
[PASS] compressionRatio: matches originalSize/compressedSize for a non-integer ratio
[PASS] compressionRatio: empty compressed input returns 0.0
All tests passed.
<end of output>
Test time =   0.01 sec
----------------------------------------------------------
Test Passed.
"occupancy_grid_tests" end time: Jul 27 12:28 Pacific Daylight Time
"occupancy_grid_tests" time elapsed: 00:00:00
----------------------------------------------------------

End testing: Jul 27 12:28 Pacific Daylight Time
